<?xml version="1.0" encoding="UTF-8"?>
<!-- Generated by org.testng.reporters.JUnitXMLReporter -->
<testsuite ignored="0" hostname="DESKTOP-FOUIJUS" failures="0" tests="3" name="module2" time="0.067" errors="0" timestamp="2024-01-03T22:41:38 IST">
  <testcase classname="TestNg.Example7_Parallel2" name="TC4" time="0.011"/>
  <testcase classname="TestNg.Example7_Parallel2" name="TC5" time="0.003"/>
  <testcase classname="TestNg.Example7_Parallel2" name="TC6" time="0.006"/>
</testsuite> <!-- module2 -->
