<?xml version="1.0" encoding="UTF-8"?>
<!-- Generated by org.testng.reporters.JUnitXMLReporter -->
<testsuite ignored="0" hostname="DESKTOP-FOUIJUS" failures="0" tests="3" name="module1" time="0.064" errors="0" timestamp="2024-01-03T22:41:38 IST">
  <testcase classname="TestNg.Example7_Parallel" name="TC1" time="0.014"/>
  <testcase classname="TestNg.Example7_Parallel" name="TC2" time="0.007"/>
  <testcase classname="TestNg.Example7_Parallel" name="TC3" time="0.005"/>
</testsuite> <!-- module1 -->
