<?xml version="1.0" encoding="UTF-8"?>
<!-- Generated by org.testng.reporters.JUnitXMLReporter -->
<testsuite ignored="2" hostname="DESKTOP-FOUIJUS" failures="0" tests="1" name="Test(failed)(failed)" time="0.042" errors="0" timestamp="2024-01-03T22:26:57 IST">
  <testcase classname="TestNg.Example6_FailedXML2" name="TC6" time="0.011"/>
  <testcase classname="TestNg.Example6_FailedXML2" name="TC5" time="0.0">
    <ignored/>
  </testcase> <!-- TC5 -->
  <testcase classname="TestNg.Example6_FailedXML2" name="TC4" time="0.0">
    <ignored/>
  </testcase> <!-- TC4 -->
</testsuite> <!-- Test(failed)(failed) -->
