<?xml version="1.0" encoding="UTF-8"?>
<!-- Generated by org.testng.reporters.JUnitXMLReporter -->
<testsuite ignored="2" hostname="DESKTOP-FOUIJUS" failures="1" tests="1" name="Test(failed)" time="0.045" errors="0" timestamp="2024-01-03T22:26:26 IST">
  <testcase classname="TestNg.Example6_FailedXML2" name="TC6" time="0.012">
    <failure type="java.lang.AssertionError" message="expected [xyz] but found [abc]">
      <![CDATA[java.lang.AssertionError: expected [xyz] but found [abc]
at TestNg.Example6_FailedXML2.TC6(Example6_FailedXML2.java:21)
at java.base/java.util.ArrayList.forEach(ArrayList.java:1596)
... Removed 31 stack frames]]>
    </failure>
  </testcase> <!-- TC6 -->
  <testcase classname="TestNg.Example6_FailedXML2" name="TC5" time="0.0">
    <ignored/>
  </testcase> <!-- TC5 -->
  <testcase classname="TestNg.Example6_FailedXML2" name="TC4" time="0.0">
    <ignored/>
  </testcase> <!-- TC4 -->
</testsuite> <!-- Test(failed) -->
